This file contains any messages produced by compilers while
running configure, to aid debugging if configure makes a mistake.

It was created by galculator configure 2.1.5devel, which was
generated by GNU Autoconf 2.72.  Invocation command line was

  $ ./configure

## --------- ##
## Platform. ##
## --------- ##

hostname = archcraft
uname -m = x86_64
uname -r = 6.18.7-arch1-1
uname -s = Linux
uname -v = #1 SMP PREEMPT_DYNAMIC Sat, 24 Jan 2026 00:47:39 +0000

/usr/bin/uname -p = unknown
/bin/uname -X     = unknown

/bin/arch              = unknown
/usr/bin/arch -k       = unknown
/usr/convex/getsysinfo = unknown
/usr/bin/hostinfo      = unknown
/bin/machine           = unknown
/usr/bin/oslevel       = unknown
/bin/universe          = unknown

PATH: /home/liveuser/.config/openbox/scripts/
PATH: /usr/share/archcraft/scripts/
PATH: /usr/local/sbin/
PATH: /usr/local/bin/
PATH: /usr/bin/
PATH: /usr/bin/site_perl/
PATH: /usr/bin/vendor_perl/
PATH: /usr/bin/core_perl/


## ----------- ##
## Core tests. ##
## ----------- ##

configure:2461: looking for aux files: ltmain.sh config.guess config.sub compile missing install-sh
configure:2474:  trying ./
configure:2503:   ./ltmain.sh found
configure:2503:   ./config.guess found
configure:2503:   ./config.sub found
configure:2503:   ./compile found
configure:2503:   ./missing found
configure:2485:   ./install-sh found
configure:2634: checking for a BSD-compatible install
configure:2708: result: /usr/bin/install -c
configure:2719: checking whether sleep supports fractional seconds
configure:2735: result: yes
configure:2738: checking filesystem timestamp resolution
configure:2873: result: 0.01
configure:2878: checking whether build environment is sane
configure:2923: result: yes
configure:3094: checking for a race-free mkdir -p
configure:3137: result: /usr/bin/mkdir -p
configure:3144: checking for gawk
configure:3165: found /usr/bin/gawk
configure:3177: result: gawk
configure:3188: checking whether make sets $(MAKE)
configure:3212: result: yes
configure:3238: checking whether make supports nested variables
configure:3257: result: yes
configure:3271: checking xargs -n works
configure:3287: result: yes
configure:3372: checking whether UID '1000' is supported by ustar format
configure:3378: result: yes
configure:3385: checking whether GID '1000' is supported by ustar format
configure:3391: result: yes
configure:3399: checking how to create a ustar tar archive
configure:3410: tar --version
tar (GNU tar) 1.35
Copyright (C) 2023 Free Software Foundation, Inc.
License GPLv3+: GNU GPL version 3 or later <https://gnu.org/licenses/gpl.html>.
This is free software: you are free to change and redistribute it.
There is NO WARRANTY, to the extent permitted by law.

Written by John Gilmore and Jay Fenlason.
configure:3413: $? = 0
configure:3453: tardir=conftest.dir && eval tar --format=ustar -chf - "$tardir" >conftest.tar
configure:3456: $? = 0
configure:3460: tar -xf - <conftest.tar
configure:3463: $? = 0
configure:3465: cat conftest.dir/file
GrepMe
configure:3468: $? = 0
configure:3483: result: gnutar
configure:3511: checking whether to enable maintainer-specific portions of Makefiles
configure:3522: result: no
configure:3603: checking for gcc
configure:3624: found /usr/bin/gcc
configure:3636: result: gcc
configure:3995: checking for C compiler version
configure:4004: gcc --version >&5
gcc (GCC) 15.2.1 20260103
Copyright (C) 2025 Free Software Foundation, Inc.
This is free software; see the source for copying conditions.  There is NO
warranty; not even for MERCHANTABILITY or FITNESS FOR A PARTICULAR PURPOSE.

configure:4015: $? = 0
configure:4004: gcc -v >&5
Using built-in specs.
COLLECT_GCC=gcc
COLLECT_LTO_WRAPPER=/usr/lib/gcc/x86_64-pc-linux-gnu/15.2.1/lto-wrapper
Target: x86_64-pc-linux-gnu
Configured with: /build/gcc/src/gcc/configure --enable-languages=ada,c,c++,d,fortran,go,lto,m2,objc,obj-c++,rust,cobol --enable-bootstrap --prefix=/usr --libdir=/usr/lib --libexecdir=/usr/lib --mandir=/usr/share/man --infodir=/usr/share/info --with-bugurl=https://gitlab.archlinux.org/archlinux/packaging/packages/gcc/-/issues --with-build-config=bootstrap-lto --with-linker-hash-style=gnu --with-system-zlib --enable-__cxa_atexit --enable-cet=auto --enable-checking=release --enable-clocale=gnu --enable-default-pie --enable-default-ssp --enable-gnu-indirect-function --enable-gnu-unique-object --enable-libstdcxx-backtrace --enable-link-serialization=1 --enable-linker-build-id --enable-lto --enable-multilib --enable-plugin --enable-shared --enable-threads=posix --disable-libssp --disable-libstdcxx-pch --disable-werror
Thread model: posix
Supported LTO compression algorithms: zlib zstd
gcc version 15.2.1 20260103 (GCC) 
configure:4015: $? = 0
configure:4004: gcc -V >&5
gcc: error: unrecognized command-line option '-V'
gcc: fatal error: no input files
compilation terminated.
configure:4015: $? = 1
configure:4004: gcc -qversion >&5
gcc: error: unrecognized command-line option '-qversion'; did you mean '--version'?
gcc: fatal error: no input files
compilation terminated.
configure:4015: $? = 1
configure:4004: gcc -version >&5
gcc: error: unrecognized command-line option '-version'
gcc: fatal error: no input files
compilation terminated.
configure:4015: $? = 1
configure:4035: checking whether the C compiler works
configure:4057: gcc -Wno-error=incompatible-pointer-types -Wno-error=implicit-function-declaration -g -O2 -Wno-error=incompatible-pointer-types -Wno-implicit-function-declaration   conftest.c  >&5
configure:4061: $? = 0
configure:4112: result: yes
configure:4116: checking for C compiler default output file name
configure:4118: result: a.out
configure:4124: checking for suffix of executables
configure:4131: gcc -o conftest -Wno-error=incompatible-pointer-types -Wno-error=implicit-function-declaration -g -O2 -Wno-error=incompatible-pointer-types -Wno-implicit-function-declaration   conftest.c  >&5
configure:4135: $? = 0
configure:4159: result: 
configure:4183: checking whether we are cross compiling
configure:4191: gcc -o conftest -Wno-error=incompatible-pointer-types -Wno-error=implicit-function-declaration -g -O2 -Wno-error=incompatible-pointer-types -Wno-implicit-function-declaration   conftest.c  >&5
configure:4195: $? = 0
configure:4202: ./conftest
configure:4206: $? = 0
configure:4221: result: no
configure:4227: checking for suffix of object files
configure:4250: gcc -c -Wno-error=incompatible-pointer-types -Wno-error=implicit-function-declaration -g -O2 -Wno-error=incompatible-pointer-types -Wno-implicit-function-declaration  conftest.c >&5
configure:4254: $? = 0
configure:4278: result: o
configure:4282: checking whether the compiler supports GNU C
configure:4302: gcc -c -Wno-error=incompatible-pointer-types -Wno-error=implicit-function-declaration -g -O2 -Wno-error=incompatible-pointer-types -Wno-implicit-function-declaration  conftest.c >&5
configure:4302: $? = 0
configure:4314: result: yes
configure:4325: checking whether gcc accepts -g
configure:4346: gcc -c -g  conftest.c >&5
configure:4346: $? = 0
configure:4393: result: yes
configure:4413: checking for gcc option to enable C11 features
configure:4428: gcc  -c -Wno-error=incompatible-pointer-types -Wno-error=implicit-function-declaration -g -O2 -Wno-error=incompatible-pointer-types -Wno-implicit-function-declaration  conftest.c >&5
configure:4428: $? = 0
configure:4447: result: none needed
configure:4571: checking whether gcc understands -c and -o together
configure:4594: gcc -c conftest.c -o conftest2.o
configure:4597: $? = 0
configure:4594: gcc -c conftest.c -o conftest2.o
configure:4597: $? = 0
configure:4613: result: yes
configure:4633: checking whether make supports the include directive
configure:4648: make -f confmf.GNU && cat confinc.out
this is the am__doit target
configure:4651: $? = 0
configure:4670: result: yes (GNU style)
configure:4696: checking dependency style of gcc
configure:4809: result: gcc3
configure:4825: checking whether NLS is requested
configure:4836: result: yes
configure:4864: checking for intltool-update
configure:4887: found /usr/bin/intltool-update
configure:4900: result: /usr/bin/intltool-update
configure:4910: checking for intltool-merge
configure:4933: found /usr/bin/intltool-merge
configure:4946: result: /usr/bin/intltool-merge
configure:4956: checking for intltool-extract
configure:4979: found /usr/bin/intltool-extract
configure:4992: result: /usr/bin/intltool-extract
configure:5146: checking for xgettext
configure:5169: found /usr/bin/xgettext
configure:5182: result: /usr/bin/xgettext
configure:5192: checking for msgmerge
configure:5215: found /usr/bin/msgmerge
configure:5228: result: /usr/bin/msgmerge
configure:5238: checking for msgfmt
configure:5261: found /usr/bin/msgfmt
configure:5274: result: /usr/bin/msgfmt
configure:5284: checking for gmsgfmt
configure:5321: result: /usr/bin/msgfmt
configure:5341: checking for perl
configure:5364: found /usr/bin/perl
configure:5377: result: /usr/bin/perl
configure:5388: checking for perl >= 5.8.1
configure:5395: result: 5.42.0
configure:5416: checking for library containing strerror
configure:5452: gcc -o conftest -Wno-error=incompatible-pointer-types -Wno-error=implicit-function-declaration -g -O2 -Wno-error=incompatible-pointer-types -Wno-implicit-function-declaration   conftest.c  >&5
configure:5452: $? = 0
configure:5474: result: none required
configure:5488: checking for stdio.h
configure:5488: gcc -c -Wno-error=incompatible-pointer-types -Wno-error=implicit-function-declaration -g -O2 -Wno-error=incompatible-pointer-types -Wno-implicit-function-declaration  conftest.c >&5
configure:5488: $? = 0
configure:5488: result: yes
configure:5488: checking for stdlib.h
configure:5488: gcc -c -Wno-error=incompatible-pointer-types -Wno-error=implicit-function-declaration -g -O2 -Wno-error=incompatible-pointer-types -Wno-implicit-function-declaration  conftest.c >&5
configure:5488: $? = 0
configure:5488: result: yes
configure:5488: checking for string.h
configure:5488: gcc -c -Wno-error=incompatible-pointer-types -Wno-error=implicit-function-declaration -g -O2 -Wno-error=incompatible-pointer-types -Wno-implicit-function-declaration  conftest.c >&5
configure:5488: $? = 0
configure:5488: result: yes
configure:5488: checking for inttypes.h
configure:5488: gcc -c -Wno-error=incompatible-pointer-types -Wno-error=implicit-function-declaration -g -O2 -Wno-error=incompatible-pointer-types -Wno-implicit-function-declaration  conftest.c >&5
configure:5488: $? = 0
configure:5488: result: yes
configure:5488: checking for stdint.h
configure:5488: gcc -c -Wno-error=incompatible-pointer-types -Wno-error=implicit-function-declaration -g -O2 -Wno-error=incompatible-pointer-types -Wno-implicit-function-declaration  conftest.c >&5
configure:5488: $? = 0
configure:5488: result: yes
configure:5488: checking for strings.h
configure:5488: gcc -c -Wno-error=incompatible-pointer-types -Wno-error=implicit-function-declaration -g -O2 -Wno-error=incompatible-pointer-types -Wno-implicit-function-declaration  conftest.c >&5
configure:5488: $? = 0
configure:5488: result: yes
configure:5488: checking for sys/stat.h
configure:5488: gcc -c -Wno-error=incompatible-pointer-types -Wno-error=implicit-function-declaration -g -O2 -Wno-error=incompatible-pointer-types -Wno-implicit-function-declaration  conftest.c >&5
configure:5488: $? = 0
configure:5488: result: yes
configure:5488: checking for sys/types.h
configure:5488: gcc -c -Wno-error=incompatible-pointer-types -Wno-error=implicit-function-declaration -g -O2 -Wno-error=incompatible-pointer-types -Wno-implicit-function-declaration  conftest.c >&5
configure:5488: $? = 0
configure:5488: result: yes
configure:5488: checking for unistd.h
configure:5488: gcc -c -Wno-error=incompatible-pointer-types -Wno-error=implicit-function-declaration -g -O2 -Wno-error=incompatible-pointer-types -Wno-implicit-function-declaration  conftest.c >&5
configure:5488: $? = 0
configure:5488: result: yes
configure:5513: checking for grep that handles long lines and -e
configure:5579: result: /usr/bin/grep
configure:5587: checking for egrep
configure:5657: result: /usr/bin/grep -E
configure:5673: checking build system type
configure:5689: result: x86_64-pc-linux-gnu
configure:5709: checking host system type
configure:5724: result: x86_64-pc-linux-gnu
configure:5848: checking for cos in -lm
configure:5877: gcc -o conftest -Wno-error=incompatible-pointer-types -Wno-error=implicit-function-declaration -g -O2 -Wno-error=incompatible-pointer-types -Wno-implicit-function-declaration   conftest.c -lm   >&5
conftest.c:31:6: warning: conflicting types for built-in function 'cos'; expected 'double(double)' [-Wbuiltin-declaration-mismatch]
   31 | char cos (void);
      |      ^~~
conftest.c:1:1: note: 'cos' is declared in header '<math.h>'
    1 | /* confdefs.h */
configure:5877: $? = 0
configure:5889: result: yes
configure:5980: checking for pkg-config
configure:6003: found /usr/bin/pkg-config
configure:6016: result: /usr/bin/pkg-config
configure:6041: checking pkg-config is at least version 0.9.0
configure:6044: result: yes
configure:6057: checking for gtk+-3.0
configure:6064: $PKG_CONFIG --exists --print-errors "$pkg_modules"
configure:6067: $? = 0
configure:6081: $PKG_CONFIG --exists --print-errors "$pkg_modules"
configure:6084: $? = 0
configure:6142: result: yes
configure:6162: checking for sinhq in -lquadmath
configure:6191: gcc -o conftest -Wno-error=incompatible-pointer-types -Wno-error=implicit-function-declaration -g -O2 -Wno-error=incompatible-pointer-types -Wno-implicit-function-declaration   conftest.c -lquadmath   >&5
configure:6191: $? = 0
configure:6203: result: yes
configure:6219: checking for flex
configure:6240: found /usr/bin/flex
configure:6252: result: flex
configure:6301: checking for lex output file root
configure:6314: flex conftest.l
configure:6318: $? = 0
configure:6327: result: lex.yy
configure:6342: checking for lex library
configure:6367: gcc -o conftest -Wno-error=incompatible-pointer-types -Wno-error=implicit-function-declaration -g -O2 -Wno-error=incompatible-pointer-types -Wno-implicit-function-declaration   conftest.c -lquadmath  >&5
configure:6367: $? = 0
configure:6381: result: none needed
configure:6397: checking for library containing yywrap
configure:6433: gcc -o conftest -Wno-error=incompatible-pointer-types -Wno-error=implicit-function-declaration -g -O2 -Wno-error=incompatible-pointer-types -Wno-implicit-function-declaration   conftest.c  >&5
/usr/bin/ld: /tmp/cc4F1IQE.o: in function `main':
/home/liveuser/galculator/conftest.c:36:(.text.startup+0x5): undefined reference to `yywrap'
collect2: error: ld returned 1 exit status
configure:6433: $? = 1
configure: failed program was:
| /* confdefs.h */
| #define PACKAGE_NAME "galculator"
| #define PACKAGE_TARNAME "galculator"
| #define PACKAGE_VERSION "2.1.5devel"
| #define PACKAGE_STRING "galculator 2.1.5devel"
| #define PACKAGE_BUGREPORT ""
| #define PACKAGE_URL ""
| #define PACKAGE "galculator"
| #define VERSION "2.1.5devel"
| #define HAVE_STDIO_H 1
| #define HAVE_STDLIB_H 1
| #define HAVE_STRING_H 1
| #define HAVE_INTTYPES_H 1
| #define HAVE_STDINT_H 1
| #define HAVE_STRINGS_H 1
| #define HAVE_SYS_STAT_H 1
| #define HAVE_SYS_TYPES_H 1
| #define HAVE_UNISTD_H 1
| #define STDC_HEADERS 1
| #define HAVE_LIBQUADMATH 1
| /* end confdefs.h.  */
| 
| /* Override any GCC internal prototype to avoid an error.
|    Use char because int might match the return type of a GCC
|    builtin and then its argument prototype would still apply.
|    The 'extern "C"' is for builds by C++ compilers;
|    although this is not generally supported in C code supporting it here
|    has little cost and some practical benefit (sr 110532).  */
| #ifdef __cplusplus
| extern "C"
| #endif
| char yywrap (void);
| int
| main (void)
| {
| return yywrap ();
|   ;
|   return 0;
| }
configure:6433: gcc -o conftest -Wno-error=incompatible-pointer-types -Wno-error=implicit-function-declaration -g -O2 -Wno-error=incompatible-pointer-types -Wno-implicit-function-declaration   conftest.c -lfl   >&5
/usr/bin/ld: /usr/lib/gcc/x86_64-pc-linux-gnu/15.2.1/../../../../lib/libfl.so: undefined reference to `yylex'
collect2: error: ld returned 1 exit status
configure:6433: $? = 1
configure: failed program was:
| /* confdefs.h */
| #define PACKAGE_NAME "galculator"
| #define PACKAGE_TARNAME "galculator"
| #define PACKAGE_VERSION "2.1.5devel"
| #define PACKAGE_STRING "galculator 2.1.5devel"
| #define PACKAGE_BUGREPORT ""
| #define PACKAGE_URL ""
| #define PACKAGE "galculator"
| #define VERSION "2.1.5devel"
| #define HAVE_STDIO_H 1
| #define HAVE_STDLIB_H 1
| #define HAVE_STRING_H 1
| #define HAVE_INTTYPES_H 1
| #define HAVE_STDINT_H 1
| #define HAVE_STRINGS_H 1
| #define HAVE_SYS_STAT_H 1
| #define HAVE_SYS_TYPES_H 1
| #define HAVE_UNISTD_H 1
| #define STDC_HEADERS 1
| #define HAVE_LIBQUADMATH 1
| /* end confdefs.h.  */
| 
| /* Override any GCC internal prototype to avoid an error.
|    Use char because int might match the return type of a GCC
|    builtin and then its argument prototype would still apply.
|    The 'extern "C"' is for builds by C++ compilers;
|    although this is not generally supported in C code supporting it here
|    has little cost and some practical benefit (sr 110532).  */
| #ifdef __cplusplus
| extern "C"
| #endif
| char yywrap (void);
| int
| main (void)
| {
| return yywrap ();
|   ;
|   return 0;
| }
configure:6433: gcc -o conftest -Wno-error=incompatible-pointer-types -Wno-error=implicit-function-declaration -g -O2 -Wno-error=incompatible-pointer-types -Wno-implicit-function-declaration   conftest.c -ll   >&5
/usr/bin/ld: cannot find -ll: No such file or directory
collect2: error: ld returned 1 exit status
configure:6433: $? = 1
configure: failed program was:
| /* confdefs.h */
| #define PACKAGE_NAME "galculator"
| #define PACKAGE_TARNAME "galculator"
| #define PACKAGE_VERSION "2.1.5devel"
| #define PACKAGE_STRING "galculator 2.1.5devel"
| #define PACKAGE_BUGREPORT ""
| #define PACKAGE_URL ""
| #define PACKAGE "galculator"
| #define VERSION "2.1.5devel"
| #define HAVE_STDIO_H 1
| #define HAVE_STDLIB_H 1
| #define HAVE_STRING_H 1
| #define HAVE_INTTYPES_H 1
| #define HAVE_STDINT_H 1
| #define HAVE_STRINGS_H 1
| #define HAVE_SYS_STAT_H 1
| #define HAVE_SYS_TYPES_H 1
| #define HAVE_UNISTD_H 1
| #define STDC_HEADERS 1
| #define HAVE_LIBQUADMATH 1
| /* end confdefs.h.  */
| 
| /* Override any GCC internal prototype to avoid an error.
|    Use char because int might match the return type of a GCC
|    builtin and then its argument prototype would still apply.
|    The 'extern "C"' is for builds by C++ compilers;
|    although this is not generally supported in C code supporting it here
|    has little cost and some practical benefit (sr 110532).  */
| #ifdef __cplusplus
| extern "C"
| #endif
| char yywrap (void);
| int
| main (void)
| {
| return yywrap ();
|   ;
|   return 0;
| }
configure:6455: result: no
configure:6472: checking whether yytext is a pointer
configure:6488: gcc -c -Wno-error=incompatible-pointer-types -Wno-error=implicit-function-declaration -g -O2 -Wno-error=incompatible-pointer-types -Wno-implicit-function-declaration  conftest.c >&5
configure:6488: $? = 0
configure:6496: result: yes
configure:6567: checking how to print strings
configure:6594: result: printf
configure:6615: checking for a sed that does not truncate output
configure:6687: result: /usr/bin/sed
configure:6705: checking for fgrep
configure:6775: result: /usr/bin/grep -F
configure:6812: checking for ld used by gcc
configure:6881: result: /usr/bin/ld
configure:6888: checking if the linker (/usr/bin/ld) is GNU ld
configure:6905: result: yes
configure:6917: checking for BSD- or MS-compatible name lister (nm)
configure:6973: result: /usr/bin/nm -B
configure:7115: checking the name lister (/usr/bin/nm -B) interface
configure:7123: gcc -c -Wno-error=incompatible-pointer-types -Wno-error=implicit-function-declaration -g -O2 -Wno-error=incompatible-pointer-types -Wno-implicit-function-declaration  conftest.c >&5
configure:7126: /usr/bin/nm -B "conftest.o"
configure:7129: output
0000000000000000 B some_variable
configure:7137: result: BSD nm
configure:7140: checking whether ln -s works
configure:7144: result: yes
configure:7152: checking the maximum length of command line arguments
configure:7285: result: 1572864
configure:7333: checking how to convert x86_64-pc-linux-gnu file names to x86_64-pc-linux-gnu format
configure:7375: result: func_convert_file_noop
configure:7382: checking how to convert x86_64-pc-linux-gnu file names to toolchain format
configure:7404: result: func_convert_file_noop
configure:7482: checking for /usr/bin/ld option to reload object files
configure:7491: result: -r
configure:7524: checking for file
configure:7545: found /usr/bin/file
configure:7558: result: file
configure:7621: checking for objdump
configure:7642: found /usr/bin/objdump
configure:7654: result: objdump
configure:7686: checking how to recognize dependent libraries
configure:7895: result: pass_all
configure:7986: checking for dlltool
configure:8022: result: no
configure:8052: checking how to associate runtime and link libraries
configure:8081: result: printf %s\n
configure:8141: checking for ranlib
configure:8162: found /usr/bin/ranlib
configure:8174: result: ranlib
configure:8251: checking for ar
configure:8272: found /usr/bin/ar
configure:8284: result: ar
configure:8337: checking for archiver @FILE support
configure:8355: gcc -c -Wno-error=incompatible-pointer-types -Wno-error=implicit-function-declaration -g -O2 -Wno-error=incompatible-pointer-types -Wno-implicit-function-declaration  conftest.c >&5
configure:8355: $? = 0
configure:8359: ar cr libconftest.a @conftest.lst >&5
configure:8362: $? = 0
configure:8367: ar cr libconftest.a @conftest.lst >&5
ar: conftest.o: No such file or directory
configure:8370: $? = 1
configure:8383: result: @
configure:8447: checking for strip
configure:8468: found /usr/bin/strip
configure:8480: result: strip
configure:8583: checking command to parse /usr/bin/nm -B output from gcc object
configure:8739: gcc -c -Wno-error=incompatible-pointer-types -Wno-error=implicit-function-declaration -g -O2 -Wno-error=incompatible-pointer-types -Wno-implicit-function-declaration  conftest.c >&5
configure:8742: $? = 0
configure:8746: /usr/bin/nm -B conftest.o | /usr/bin/sed -n -e 's/^.*[	 ]\([ABCDGIRSTW][ABCDGIRSTW]*\)[	 ][	 ]*\([_A-Za-z][_A-Za-z0-9]*\)$/\1 \2 \2/p' | /usr/bin/sed '/ __gnu_lto/d' > conftest.nm
configure:8812: gcc -o conftest -Wno-error=incompatible-pointer-types -Wno-error=implicit-function-declaration -g -O2 -Wno-error=incompatible-pointer-types -Wno-implicit-function-declaration   conftest.c conftstm.o >&5
configure:8815: $? = 0
configure:8854: result: ok
configure:8901: checking for sysroot
configure:8935: result: no
configure:8942: checking for a working dd
configure:8987: result: /usr/bin/dd
configure:8991: checking how to truncate binary pipes
configure:9008: result: /usr/bin/dd bs=4096 count=1
configure:9145: gcc -c -Wno-error=incompatible-pointer-types -Wno-error=implicit-function-declaration -g -O2 -Wno-error=incompatible-pointer-types -Wno-implicit-function-declaration  conftest.c >&5
configure:9148: $? = 0
configure:9348: checking for mt
configure:9384: result: no
configure:9404: checking if : is a manifest tool
configure:9411: : '-?'
configure:9420: result: no
configure:10213: checking for dlfcn.h
configure:10213: gcc -c -Wno-error=incompatible-pointer-types -Wno-error=implicit-function-declaration -g -O2 -Wno-error=incompatible-pointer-types -Wno-implicit-function-declaration  conftest.c >&5
configure:10213: $? = 0
configure:10213: result: yes
configure:10499: checking which variant of shared library versioning to provide
configure:10502: result: (default) aix
configure:10570: checking for objdir
configure:10587: result: .libs
configure:10853: checking if gcc supports -fno-rtti -fno-exceptions
configure:10872: gcc -c -Wno-error=incompatible-pointer-types -Wno-error=implicit-function-declaration -g -O2 -Wno-error=incompatible-pointer-types -Wno-implicit-function-declaration  -fno-rtti -fno-exceptions conftest.c >&5
cc1: warning: command-line option '-fno-rtti' is valid for C++/D/ObjC++ but not for C
configure:10876: $? = 0
configure:10890: result: no
configure:11263: checking for gcc option to produce PIC
configure:11272: result: -fPIC -DPIC
configure:11280: checking if gcc PIC flag -fPIC -DPIC works
configure:11299: gcc -c -Wno-error=incompatible-pointer-types -Wno-error=implicit-function-declaration -g -O2 -Wno-error=incompatible-pointer-types -Wno-implicit-function-declaration  -fPIC -DPIC -DPIC conftest.c >&5
configure:11303: $? = 0
configure:11317: result: yes
configure:11346: checking if gcc static flag -static works
configure:11376: result: no
configure:11391: checking if gcc supports -c -o file.o
configure:11413: gcc -c -Wno-error=incompatible-pointer-types -Wno-error=implicit-function-declaration -g -O2 -Wno-error=incompatible-pointer-types -Wno-implicit-function-declaration  -o out/conftest2.o conftest.c >&5
configure:11417: $? = 0
configure:11440: result: yes
configure:11448: checking if gcc supports -c -o file.o
configure:11497: result: yes
configure:11530: checking whether the gcc linker (/usr/bin/ld -m elf_x86_64) supports shared libraries
configure:12820: result: yes
configure:12857: checking whether -lc should be explicitly linked in
configure:12866: gcc -c -Wno-error=incompatible-pointer-types -Wno-error=implicit-function-declaration -g -O2 -Wno-error=incompatible-pointer-types -Wno-implicit-function-declaration  conftest.c >&5
configure:12869: $? = 0
configure:12884: gcc -shared  -fPIC -DPIC conftest.o  -v -Wl,-soname -Wl,conftest -o conftest 2\>\&1 \| /usr/bin/grep  -lc  \>/dev/null 2\>\&1
configure:12887: $? = 0
configure:12902: result: no
configure:13062: checking dynamic linker characteristics
configure:13693: gcc -o conftest -Wno-error=incompatible-pointer-types -Wno-error=implicit-function-declaration -g -O2 -Wno-error=incompatible-pointer-types -Wno-implicit-function-declaration   -Wl,-rpath -Wl,/foo conftest.c -lquadmath  >&5
configure:13693: $? = 0
configure:14450: result: GNU/Linux ld.so
configure:14572: checking how to hardcode library paths into programs
configure:14597: result: immediate
configure:15197: checking whether stripping libraries is possible
configure:15206: result: yes
configure:15248: checking if libtool supports shared libraries
configure:15250: result: yes
configure:15253: checking whether to build shared libraries
configure:15278: result: yes
configure:15281: checking whether to build static libraries
configure:15285: result: yes
configure:15332: checking for locale.h
configure:15332: gcc -c -Wno-error=incompatible-pointer-types -Wno-error=implicit-function-declaration -g -O2 -Wno-error=incompatible-pointer-types -Wno-implicit-function-declaration  conftest.c >&5
configure:15332: $? = 0
configure:15332: result: yes
configure:15340: checking for LC_MESSAGES
configure:15357: gcc -o conftest -Wno-error=incompatible-pointer-types -Wno-error=implicit-function-declaration -g -O2 -Wno-error=incompatible-pointer-types -Wno-implicit-function-declaration   conftest.c -lquadmath  >&5
configure:15357: $? = 0
configure:15368: result: yes
configure:15386: checking for CFPreferencesCopyAppValue
configure:15405: gcc -o conftest -Wno-error=incompatible-pointer-types -Wno-error=implicit-function-declaration -g -O2 -Wno-error=incompatible-pointer-types -Wno-implicit-function-declaration   conftest.c -lquadmath  -Wl,-framework -Wl,CoreFoundation >&5
conftest.c:28:10: fatal error: CoreFoundation/CFPreferences.h: No such file or directory
   28 | #include <CoreFoundation/CFPreferences.h>
      |          ^~~~~~~~~~~~~~~~~~~~~~~~~~~~~~~~
compilation terminated.
configure:15405: $? = 1
configure: failed program was:
| /* confdefs.h */
| #define PACKAGE_NAME "galculator"
| #define PACKAGE_TARNAME "galculator"
| #define PACKAGE_VERSION "2.1.5devel"
| #define PACKAGE_STRING "galculator 2.1.5devel"
| #define PACKAGE_BUGREPORT ""
| #define PACKAGE_URL ""
| #define PACKAGE "galculator"
| #define VERSION "2.1.5devel"
| #define HAVE_STDIO_H 1
| #define HAVE_STDLIB_H 1
| #define HAVE_STRING_H 1
| #define HAVE_INTTYPES_H 1
| #define HAVE_STDINT_H 1
| #define HAVE_STRINGS_H 1
| #define HAVE_SYS_STAT_H 1
| #define HAVE_SYS_TYPES_H 1
| #define HAVE_UNISTD_H 1
| #define STDC_HEADERS 1
| #define HAVE_LIBQUADMATH 1
| #define YYTEXT_POINTER 1
| #define GETTEXT_PACKAGE "galculator"
| #define HAVE_DLFCN_H 1
| #define LT_OBJDIR ".libs/"
| #define HAVE_LOCALE_H 1
| #define HAVE_LC_MESSAGES 1
| /* end confdefs.h.  */
| #include <CoreFoundation/CFPreferences.h>
| int
| main (void)
| {
| CFPreferencesCopyAppValue(NULL, NULL)
|   ;
|   return 0;
| }
configure:15417: result: no
configure:15424: checking for CFLocaleCopyCurrent
configure:15443: gcc -o conftest -Wno-error=incompatible-pointer-types -Wno-error=implicit-function-declaration -g -O2 -Wno-error=incompatible-pointer-types -Wno-implicit-function-declaration   conftest.c -lquadmath  -Wl,-framework -Wl,CoreFoundation >&5
conftest.c:28:10: fatal error: CoreFoundation/CFLocale.h: No such file or directory
   28 | #include <CoreFoundation/CFLocale.h>
      |          ^~~~~~~~~~~~~~~~~~~~~~~~~~~
compilation terminated.
configure:15443: $? = 1
configure: failed program was:
| /* confdefs.h */
| #define PACKAGE_NAME "galculator"
| #define PACKAGE_TARNAME "galculator"
| #define PACKAGE_VERSION "2.1.5devel"
| #define PACKAGE_STRING "galculator 2.1.5devel"
| #define PACKAGE_BUGREPORT ""
| #define PACKAGE_URL ""
| #define PACKAGE "galculator"
| #define VERSION "2.1.5devel"
| #define HAVE_STDIO_H 1
| #define HAVE_STDLIB_H 1
| #define HAVE_STRING_H 1
| #define HAVE_INTTYPES_H 1
| #define HAVE_STDINT_H 1
| #define HAVE_STRINGS_H 1
| #define HAVE_SYS_STAT_H 1
| #define HAVE_SYS_TYPES_H 1
| #define HAVE_UNISTD_H 1
| #define STDC_HEADERS 1
| #define HAVE_LIBQUADMATH 1
| #define YYTEXT_POINTER 1
| #define GETTEXT_PACKAGE "galculator"
| #define HAVE_DLFCN_H 1
| #define LT_OBJDIR ".libs/"
| #define HAVE_LOCALE_H 1
| #define HAVE_LC_MESSAGES 1
| /* end confdefs.h.  */
| #include <CoreFoundation/CFLocale.h>
| int
| main (void)
| {
| CFLocaleCopyCurrent();
|   ;
|   return 0;
| }
configure:15455: result: no
configure:15469: checking for libintl.h
configure:15469: gcc -c -Wno-error=incompatible-pointer-types -Wno-error=implicit-function-declaration -g -O2 -Wno-error=incompatible-pointer-types -Wno-implicit-function-declaration  conftest.c >&5
configure:15469: $? = 0
configure:15469: result: yes
configure:15478: checking for ngettext in libc
configure:15497: gcc -o conftest -Wno-error=incompatible-pointer-types -Wno-error=implicit-function-declaration -g -O2 -Wno-error=incompatible-pointer-types -Wno-implicit-function-declaration   conftest.c -lquadmath  >&5
configure:15497: $? = 0
configure:15509: result: yes
configure:15513: checking for dgettext in libc
configure:15532: gcc -o conftest -Wno-error=incompatible-pointer-types -Wno-error=implicit-function-declaration -g -O2 -Wno-error=incompatible-pointer-types -Wno-implicit-function-declaration   conftest.c -lquadmath  >&5
configure:15532: $? = 0
configure:15544: result: yes
configure:15549: checking for bind_textdomain_codeset
configure:15549: gcc -o conftest -Wno-error=incompatible-pointer-types -Wno-error=implicit-function-declaration -g -O2 -Wno-error=incompatible-pointer-types -Wno-implicit-function-declaration   conftest.c -lquadmath  >&5
configure:15549: $? = 0
configure:15549: result: yes
configure:15861: checking for msgfmt
configure:15890: result: /usr/bin/msgfmt
configure:15899: checking for dcgettext
configure:15899: gcc -o conftest -Wno-error=incompatible-pointer-types -Wno-error=implicit-function-declaration -g -O2 -Wno-error=incompatible-pointer-types -Wno-implicit-function-declaration   conftest.c -lquadmath   >&5
conftest.c:46:6: warning: conflicting types for built-in function 'dcgettext'; expected 'char *(const char *, const char *, int)' [-Wbuiltin-declaration-mismatch]
   46 | char dcgettext (void);
      |      ^~~~~~~~~
configure:15899: $? = 0
configure:15899: result: yes
configure:15907: checking if msgfmt accepts -c
configure:15922: $MSGFMT -c -o /dev/null conftest.foo
conftest.foo:3: warning: header field 'Language' missing in header
configure:15925: $? = 0
configure:15927: result: yes
configure:15937: checking for gmsgfmt
configure:15974: result: /usr/bin/msgfmt
configure:15984: checking for xgettext
configure:16013: result: /usr/bin/xgettext
configure:16032: gcc -o conftest -Wno-error=incompatible-pointer-types -Wno-error=implicit-function-declaration -g -O2 -Wno-error=incompatible-pointer-types -Wno-implicit-function-declaration   conftest.c -lquadmath   >&5
configure:16032: $? = 0
configure:16117: checking for catalogs to be installed
configure:16142: result:  am ar be bg cs da de el en_AU en_GB es_MX es et eu fi fr gl hr hu id it ja kk ko lt mr ms nl pl pt_BR pt ro ru sk sl sq sr sv tr uk zh_CN zh_TW
configure:16304: checking that generated files are newer than configure
configure:16310: result: done
configure:16353: creating ./config.status

## ---------------------- ##
## Running config.status. ##
## ---------------------- ##

This file was extended by galculator config.status 2.1.5devel, which was
generated by GNU Autoconf 2.72.  Invocation command line was

  CONFIG_FILES    = 
  CONFIG_HEADERS  = 
  CONFIG_LINKS    = 
  CONFIG_COMMANDS = 
  $ ./config.status 

on archcraft

config.status:1198: creating Makefile
config.status:1198: creating galculator.spec
config.status:1198: creating src/Makefile
config.status:1198: creating po/Makefile.in
config.status:1198: creating ui/Makefile
config.status:1198: creating ui/about.ui
config.status:1198: creating doc/Makefile
config.status:1198: creating pixmaps/Makefile
config.status:1198: creating config.h
config.status:1379: config.h is unchanged
config.status:1427: executing depfiles commands
config.status:1502: cd src       && sed -e '/# am--include-marker/d' Makefile         | make -f - am--depfiles
make: Nothing to be done for 'am--depfiles'.
config.status:1509: $? = 0
config.status:1427: executing libtool commands
config.status:1427: executing default-1 commands
config.status:1427: executing po/stamp-it commands

## ---------------- ##
## Cache variables. ##
## ---------------- ##

ac_cv_build=x86_64-pc-linux-gnu
ac_cv_c_compiler_gnu=yes
ac_cv_env_CC_set=
ac_cv_env_CC_value=
ac_cv_env_CFLAGS_set=set
ac_cv_env_CFLAGS_value='-Wno-error=incompatible-pointer-types -Wno-error=implicit-function-declaration -g -O2 -Wno-error=incompatible-pointer-types -Wno-implicit-function-declaration'
ac_cv_env_CPPFLAGS_set=
ac_cv_env_CPPFLAGS_value=
ac_cv_env_GTK_CFLAGS_set=
ac_cv_env_GTK_CFLAGS_value=
ac_cv_env_GTK_LIBS_set=
ac_cv_env_GTK_LIBS_value=
ac_cv_env_LDFLAGS_set=
ac_cv_env_LDFLAGS_value=
ac_cv_env_LIBS_set=
ac_cv_env_LIBS_value=
ac_cv_env_LT_SYS_LIBRARY_PATH_set=
ac_cv_env_LT_SYS_LIBRARY_PATH_value=
ac_cv_env_PKG_CONFIG_LIBDIR_set=
ac_cv_env_PKG_CONFIG_LIBDIR_value=
ac_cv_env_PKG_CONFIG_PATH_set=
ac_cv_env_PKG_CONFIG_PATH_value=
ac_cv_env_PKG_CONFIG_set=
ac_cv_env_PKG_CONFIG_value=
ac_cv_env_build_alias_set=
ac_cv_env_build_alias_value=
ac_cv_env_host_alias_set=
ac_cv_env_host_alias_value=
ac_cv_env_target_alias_set=
ac_cv_env_target_alias_value=
ac_cv_func_bind_textdomain_codeset=yes
ac_cv_func_dcgettext=yes
ac_cv_header_dlfcn_h=yes
ac_cv_header_inttypes_h=yes
ac_cv_header_libintl_h=yes
ac_cv_header_locale_h=yes
ac_cv_header_stdint_h=yes
ac_cv_header_stdio_h=yes
ac_cv_header_stdlib_h=yes
ac_cv_header_string_h=yes
ac_cv_header_strings_h=yes
ac_cv_header_sys_stat_h=yes
ac_cv_header_sys_types_h=yes
ac_cv_header_unistd_h=yes
ac_cv_host=x86_64-pc-linux-gnu
ac_cv_lib_lex='none needed'
ac_cv_lib_m_cos=yes
ac_cv_lib_quadmath_sinhq=yes
ac_cv_objext=o
ac_cv_path_EGREP='/usr/bin/grep -E'
ac_cv_path_EGREP_TRADITIONAL='/usr/bin/grep -E'
ac_cv_path_FGREP='/usr/bin/grep -F'
ac_cv_path_GMSGFMT=/usr/bin/msgfmt
ac_cv_path_GREP=/usr/bin/grep
ac_cv_path_INTLTOOL_EXTRACT=/usr/bin/intltool-extract
ac_cv_path_INTLTOOL_MERGE=/usr/bin/intltool-merge
ac_cv_path_INTLTOOL_PERL=/usr/bin/perl
ac_cv_path_INTLTOOL_UPDATE=/usr/bin/intltool-update
ac_cv_path_MSGFMT=/usr/bin/msgfmt
ac_cv_path_MSGMERGE=/usr/bin/msgmerge
ac_cv_path_SED=/usr/bin/sed
ac_cv_path_XGETTEXT=/usr/bin/xgettext
ac_cv_path_ac_pt_PKG_CONFIG=/usr/bin/pkg-config
ac_cv_path_install='/usr/bin/install -c'
ac_cv_path_lt_DD=/usr/bin/dd
ac_cv_path_mkdir=/usr/bin/mkdir
ac_cv_prog_AWK=gawk
ac_cv_prog_FILECMD=file
ac_cv_prog_LEX=flex
ac_cv_prog_ac_ct_AR=ar
ac_cv_prog_ac_ct_CC=gcc
ac_cv_prog_ac_ct_OBJDUMP=objdump
ac_cv_prog_ac_ct_RANLIB=ranlib
ac_cv_prog_ac_ct_STRIP=strip
ac_cv_prog_cc_c11=
ac_cv_prog_cc_g=yes
ac_cv_prog_cc_stdc=
ac_cv_prog_lex_root=lex.yy
ac_cv_prog_lex_yytext_pointer=yes
ac_cv_prog_make_make_set=yes
ac_cv_search_strerror='none required'
ac_cv_search_yywrap=no
am_cv_CC_dependencies_compiler_type=gcc3
am_cv_filesystem_timestamp_resolution=0.01
am_cv_make_support_nested_variables=yes
am_cv_prog_cc_c_o=yes
am_cv_prog_tar_ustar=gnutar
am_cv_sleep_fractional_seconds=yes
am_cv_val_LC_MESSAGES=yes
am_cv_xargs_n_works=yes
gt_cv_func_CFLocaleCopyCurrent=no
gt_cv_func_CFPreferencesCopyAppValue=no
gt_cv_func_dgettext_libc=yes
gt_cv_func_dgettext_libintl=no
gt_cv_func_ngettext_libc=yes
gt_cv_have_gettext=yes
lt_cv_ar_at_file=@
lt_cv_archive_cmds_need_lc=no
lt_cv_deplibs_check_method=pass_all
lt_cv_file_magic_cmd='$MAGIC_CMD'
lt_cv_file_magic_test_file=
lt_cv_ld_reload_flag=-r
lt_cv_nm_interface='BSD nm'
lt_cv_objdir=.libs
lt_cv_path_LD=/usr/bin/ld
lt_cv_path_NM='/usr/bin/nm -B'
lt_cv_path_manifest_tool=no
lt_cv_prog_compiler_c_o=yes
lt_cv_prog_compiler_pic='-fPIC -DPIC'
lt_cv_prog_compiler_pic_works=yes
lt_cv_prog_compiler_rtti_exceptions=no
lt_cv_prog_compiler_static_works=no
lt_cv_prog_gnu_ld=yes
lt_cv_sharedlib_from_linklib_cmd='printf %s\n'
lt_cv_shlibpath_overrides_runpath=yes
lt_cv_sys_global_symbol_pipe='/usr/bin/sed -n -e '\''s/^.*[	 ]\([ABCDGIRSTW][ABCDGIRSTW]*\)[	 ][	 ]*\([_A-Za-z][_A-Za-z0-9]*\)$/\1 \2 \2/p'\'' | /usr/bin/sed '\''/ __gnu_lto/d'\'''
lt_cv_sys_global_symbol_to_c_name_address='/usr/bin/sed -n -e '\''s/^: \(.*\) .*$/  {"\1", (void *) 0},/p'\'' -e '\''s/^[ABCDGIRSTW][ABCDGIRSTW]* .* \([a-zA-Z_][a-zA-Z0-9_]*\)$/  {"\1", (void *) \&\1},/p'\'''
lt_cv_sys_global_symbol_to_c_name_address_lib_prefix='/usr/bin/sed -n -e '\''s/^: \(.*\) .*$/  {"\1", (void *) 0},/p'\'' -e '\''s/^[ABCDGIRSTW][ABCDGIRSTW]* .* \(lib[a-zA-Z_][a-zA-Z0-9_]*\)$/  {"\1", (void *) \&\1},/p'\'' -e '\''s/^[ABCDGIRSTW][ABCDGIRSTW]* .* \([a-zA-Z_][a-zA-Z0-9_]*\)$/  {"lib\1", (void *) \&\1},/p'\'''
lt_cv_sys_global_symbol_to_cdecl='/usr/bin/sed -n -e '\''s/^T .* \([a-zA-Z_][a-zA-Z0-9_]*\)$/extern int \1();/p'\'' -e '\''s/^[ABCDGIRSTW][ABCDGIRSTW]* .* \([a-zA-Z_][a-zA-Z0-9_]*\)$/extern char \1;/p'\'''
lt_cv_sys_global_symbol_to_import=
lt_cv_sys_max_cmd_len=1572864
lt_cv_to_host_file_cmd=func_convert_file_noop
lt_cv_to_tool_file_cmd=func_convert_file_noop
lt_cv_truncate_bin='/usr/bin/dd bs=4096 count=1'
pkg_cv_GTK_CFLAGS='-I/usr/include/gtk-3.0 -I/usr/include/pango-1.0 -I/usr/include/cloudproviders -I/usr/include/cairo -I/usr/include/gdk-pixbuf-2.0 -I/usr/include/glycin-2 -I/usr/include/at-spi2-atk/2.0 -I/usr/include/at-spi-2.0 -I/usr/include/atk-1.0 -I/usr/include/dbus-1.0 -I/usr/lib/dbus-1.0/include -I/usr/include/fribidi -I/usr/include/pixman-1 -I/usr/include/harfbuzz -I/usr/include/freetype2 -I/usr/include/libpng16 -I/usr/include/gio-unix-2.0 -I/usr/include/glib-2.0 -I/usr/lib/glib-2.0/include -I/usr/include/libmount -I/usr/include/blkid -I/usr/include/sysprof-6 -pthread'
pkg_cv_GTK_LIBS='-lgtk-3 -lgdk-3 -lz -lpangocairo-1.0 -lcairo-gobject -lgdk_pixbuf-2.0 -latk-1.0 -lpango-1.0 -lcairo -lharfbuzz -lgio-2.0 -lgobject-2.0 -lglib-2.0'

## ----------------- ##
## Output variables. ##
## ----------------- ##

ACLOCAL='${SHELL} '\''/home/liveuser/galculator/missing'\'' aclocal-1.18'
ALL_LINGUAS='am ar be bg cs da de el en_AU en_GB es_MX es et eu fi fr gl hr hu id it ja kk ko lt mr ms nl pl pt_BR pt ro ru sk sl sq sr sv tr uk zh_CN zh_TW'
AMDEPBACKSLASH='\'
AMDEP_FALSE='#'
AMDEP_TRUE=''
AMTAR='$${TAR-tar}'
AM_BACKSLASH='\'
AM_DEFAULT_V='$(AM_DEFAULT_VERBOSITY)'
AM_DEFAULT_VERBOSITY='1'
AM_V='$(V)'
AR='ar'
AUTOCONF='${SHELL} '\''/home/liveuser/galculator/missing'\'' autoconf'
AUTOHEADER='${SHELL} '\''/home/liveuser/galculator/missing'\'' autoheader'
AUTOMAKE='${SHELL} '\''/home/liveuser/galculator/missing'\'' automake-1.18'
AWK='gawk'
CATALOGS=' am.gmo ar.gmo be.gmo bg.gmo cs.gmo da.gmo de.gmo el.gmo en_AU.gmo en_GB.gmo es_MX.gmo es.gmo et.gmo eu.gmo fi.gmo fr.gmo gl.gmo hr.gmo hu.gmo id.gmo it.gmo ja.gmo kk.gmo ko.gmo lt.gmo mr.gmo ms.gmo nl.gmo pl.gmo pt_BR.gmo pt.gmo ro.gmo ru.gmo sk.gmo sl.gmo sq.gmo sr.gmo sv.gmo tr.gmo uk.gmo zh_CN.gmo zh_TW.gmo'
CATOBJEXT='.gmo'
CC='gcc'
CCDEPMODE='depmode=gcc3'
CFLAGS='-Wno-error=incompatible-pointer-types -Wno-error=implicit-function-declaration -g -O2 -Wno-error=incompatible-pointer-types -Wno-implicit-function-declaration -Wall'
CPPFLAGS=''
CSCOPE='cscope'
CTAGS='ctags'
CYGPATH_W='echo'
DATADIRNAME='share'
DEFS='-DHAVE_CONFIG_H'
DEPDIR='.deps'
DLLTOOL='false'
DSYMUTIL=''
DUMPBIN=''
ECHO_C=''
ECHO_N='-n'
ECHO_T=''
EGREP='/usr/bin/grep -E'
ETAGS='etags'
EXEEXT=''
FGREP='/usr/bin/grep -F'
FILECMD='file'
GETTEXT_PACKAGE='galculator'
GMOFILES=' am.gmo ar.gmo be.gmo bg.gmo cs.gmo da.gmo de.gmo el.gmo en_AU.gmo en_GB.gmo es_MX.gmo es.gmo et.gmo eu.gmo fi.gmo fr.gmo gl.gmo hr.gmo hu.gmo id.gmo it.gmo ja.gmo kk.gmo ko.gmo lt.gmo mr.gmo ms.gmo nl.gmo pl.gmo pt_BR.gmo pt.gmo ro.gmo ru.gmo sk.gmo sl.gmo sq.gmo sr.gmo sv.gmo tr.gmo uk.gmo zh_CN.gmo zh_TW.gmo'
GMSGFMT='/usr/bin/msgfmt'
GREP='/usr/bin/grep'
GTK_CFLAGS='-I/usr/include/gtk-3.0 -I/usr/include/pango-1.0 -I/usr/include/cloudproviders -I/usr/include/cairo -I/usr/include/gdk-pixbuf-2.0 -I/usr/include/glycin-2 -I/usr/include/at-spi2-atk/2.0 -I/usr/include/at-spi-2.0 -I/usr/include/atk-1.0 -I/usr/include/dbus-1.0 -I/usr/lib/dbus-1.0/include -I/usr/include/fribidi -I/usr/include/pixman-1 -I/usr/include/harfbuzz -I/usr/include/freetype2 -I/usr/include/libpng16 -I/usr/include/gio-unix-2.0 -I/usr/include/glib-2.0 -I/usr/lib/glib-2.0/include -I/usr/include/libmount -I/usr/include/blkid -I/usr/include/sysprof-6 -pthread'
GTK_LIBS='-lgtk-3 -lgdk-3 -lz -lpangocairo-1.0 -lcairo-gobject -lgdk_pixbuf-2.0 -latk-1.0 -lpango-1.0 -lcairo -lharfbuzz -lgio-2.0 -lgobject-2.0 -lglib-2.0'
INSTALL_DATA='${INSTALL} -m 644'
INSTALL_PROGRAM='${INSTALL}'
INSTALL_SCRIPT='${INSTALL}'
INSTALL_STRIP_PROGRAM='$(install_sh) -c -s'
INSTOBJEXT='.mo'
INTLLIBS=''
INTLTOOL_CAVES_RULE='%.caves:     %.caves.in     $(INTLTOOL_MERGE) $(wildcard $(top_srcdir)/po/*.po) ; $(INTLTOOL_V_MERGE)LC_ALL=C $(INTLTOOL_MERGE) $(INTLTOOL_V_MERGE_OPTIONS) -d -u -c $(top_builddir)/po/.intltool-merge-cache $(top_srcdir)/po $< $@'
INTLTOOL_DESKTOP_RULE='%.desktop:   %.desktop.in   $(INTLTOOL_MERGE) $(wildcard $(top_srcdir)/po/*.po) ; $(INTLTOOL_V_MERGE)LC_ALL=C $(INTLTOOL_MERGE) $(INTLTOOL_V_MERGE_OPTIONS) -d -u -c $(top_builddir)/po/.intltool-merge-cache $(top_srcdir)/po $< $@'
INTLTOOL_DIRECTORY_RULE='%.directory: %.directory.in $(INTLTOOL_MERGE) $(wildcard $(top_srcdir)/po/*.po) ; $(INTLTOOL_V_MERGE)LC_ALL=C $(INTLTOOL_MERGE) $(INTLTOOL_V_MERGE_OPTIONS) -d -u -c $(top_builddir)/po/.intltool-merge-cache $(top_srcdir)/po $< $@'
INTLTOOL_EXTRACT='/usr/bin/intltool-extract'
INTLTOOL_KBD_RULE='%.kbd:       %.kbd.in       $(INTLTOOL_MERGE) $(wildcard $(top_srcdir)/po/*.po) ; $(INTLTOOL_V_MERGE)LC_ALL=C $(INTLTOOL_MERGE) $(INTLTOOL_V_MERGE_OPTIONS) -x -u -m -c $(top_builddir)/po/.intltool-merge-cache $(top_srcdir)/po $< $@'
INTLTOOL_KEYS_RULE='%.keys:      %.keys.in      $(INTLTOOL_MERGE) $(wildcard $(top_srcdir)/po/*.po) ; $(INTLTOOL_V_MERGE)LC_ALL=C $(INTLTOOL_MERGE) $(INTLTOOL_V_MERGE_OPTIONS) -k -u -c $(top_builddir)/po/.intltool-merge-cache $(top_srcdir)/po $< $@'
INTLTOOL_MERGE='/usr/bin/intltool-merge'
INTLTOOL_OAF_RULE='%.oaf:       %.oaf.in       $(INTLTOOL_MERGE) $(wildcard $(top_srcdir)/po/*.po) ; $(INTLTOOL_V_MERGE)LC_ALL=C $(INTLTOOL_MERGE) $(INTLTOOL_V_MERGE_OPTIONS) -o -p $(top_srcdir)/po $< $@'
INTLTOOL_PERL='/usr/bin/perl'
INTLTOOL_POLICY_RULE='%.policy:    %.policy.in    $(INTLTOOL_MERGE) $(wildcard $(top_srcdir)/po/*.po) ; $(INTLTOOL_V_MERGE)LC_ALL=C $(INTLTOOL_MERGE) $(INTLTOOL_V_MERGE_OPTIONS) -x -u -c $(top_builddir)/po/.intltool-merge-cache $(top_srcdir)/po $< $@'
INTLTOOL_PONG_RULE='%.pong:      %.pong.in      $(INTLTOOL_MERGE) $(wildcard $(top_srcdir)/po/*.po) ; $(INTLTOOL_V_MERGE)LC_ALL=C $(INTLTOOL_MERGE) $(INTLTOOL_V_MERGE_OPTIONS) -x -u -c $(top_builddir)/po/.intltool-merge-cache $(top_srcdir)/po $< $@'
INTLTOOL_PROP_RULE='%.prop:      %.prop.in      $(INTLTOOL_MERGE) $(wildcard $(top_srcdir)/po/*.po) ; $(INTLTOOL_V_MERGE)LC_ALL=C $(INTLTOOL_MERGE) $(INTLTOOL_V_MERGE_OPTIONS) -d -u -c $(top_builddir)/po/.intltool-merge-cache $(top_srcdir)/po $< $@'
INTLTOOL_SCHEMAS_RULE='%.schemas:   %.schemas.in   $(INTLTOOL_MERGE) $(wildcard $(top_srcdir)/po/*.po) ; $(INTLTOOL_V_MERGE)LC_ALL=C $(INTLTOOL_MERGE) $(INTLTOOL_V_MERGE_OPTIONS) -s -u -c $(top_builddir)/po/.intltool-merge-cache $(top_srcdir)/po $< $@'
INTLTOOL_SERVER_RULE='%.server:    %.server.in    $(INTLTOOL_MERGE) $(wildcard $(top_srcdir)/po/*.po) ; $(INTLTOOL_V_MERGE)LC_ALL=C $(INTLTOOL_MERGE) $(INTLTOOL_V_MERGE_OPTIONS) -o -u -c $(top_builddir)/po/.intltool-merge-cache $(top_srcdir)/po $< $@'
INTLTOOL_SERVICE_RULE='%.service: %.service.in   $(INTLTOOL_MERGE) $(wildcard $(top_srcdir)/po/*.po) ; $(INTLTOOL_V_MERGE)LC_ALL=C $(INTLTOOL_MERGE) $(INTLTOOL_V_MERGE_OPTIONS) -d -u -c $(top_builddir)/po/.intltool-merge-cache $(top_srcdir)/po $< $@'
INTLTOOL_SHEET_RULE='%.sheet:     %.sheet.in     $(INTLTOOL_MERGE) $(wildcard $(top_srcdir)/po/*.po) ; $(INTLTOOL_V_MERGE)LC_ALL=C $(INTLTOOL_MERGE) $(INTLTOOL_V_MERGE_OPTIONS) -x -u -c $(top_builddir)/po/.intltool-merge-cache $(top_srcdir)/po $< $@'
INTLTOOL_SOUNDLIST_RULE='%.soundlist: %.soundlist.in $(INTLTOOL_MERGE) $(wildcard $(top_srcdir)/po/*.po) ; $(INTLTOOL_V_MERGE)LC_ALL=C $(INTLTOOL_MERGE) $(INTLTOOL_V_MERGE_OPTIONS) -d -u -c $(top_builddir)/po/.intltool-merge-cache $(top_srcdir)/po $< $@'
INTLTOOL_THEME_RULE='%.theme:     %.theme.in     $(INTLTOOL_MERGE) $(wildcard $(top_srcdir)/po/*.po) ; $(INTLTOOL_V_MERGE)LC_ALL=C $(INTLTOOL_MERGE) $(INTLTOOL_V_MERGE_OPTIONS) -d -u -c $(top_builddir)/po/.intltool-merge-cache $(top_srcdir)/po $< $@'
INTLTOOL_UI_RULE='%.ui:        %.ui.in        $(INTLTOOL_MERGE) $(wildcard $(top_srcdir)/po/*.po) ; $(INTLTOOL_V_MERGE)LC_ALL=C $(INTLTOOL_MERGE) $(INTLTOOL_V_MERGE_OPTIONS) -x -u -c $(top_builddir)/po/.intltool-merge-cache $(top_srcdir)/po $< $@'
INTLTOOL_UPDATE='/usr/bin/intltool-update'
INTLTOOL_V_MERGE='$(INTLTOOL__v_MERGE_$(V))'
INTLTOOL_V_MERGE_OPTIONS='$(intltool__v_merge_options_$(V))'
INTLTOOL_XAM_RULE='%.xam:       %.xml.in       $(INTLTOOL_MERGE) $(wildcard $(top_srcdir)/po/*.po) ; $(INTLTOOL_V_MERGE)LC_ALL=C $(INTLTOOL_MERGE) $(INTLTOOL_V_MERGE_OPTIONS) -x -u -c $(top_builddir)/po/.intltool-merge-cache $(top_srcdir)/po $< $@'
INTLTOOL_XML_NOMERGE_RULE='%.xml:       %.xml.in       $(INTLTOOL_MERGE) ; $(INTLTOOL_V_MERGE)LC_ALL=C $(INTLTOOL_MERGE) $(INTLTOOL_V_MERGE_OPTIONS) -x -u --no-translations $< $@'
INTLTOOL_XML_RULE='%.xml:       %.xml.in       $(INTLTOOL_MERGE) $(wildcard $(top_srcdir)/po/*.po) ; $(INTLTOOL_V_MERGE)LC_ALL=C $(INTLTOOL_MERGE) $(INTLTOOL_V_MERGE_OPTIONS) -x -u -c $(top_builddir)/po/.intltool-merge-cache $(top_srcdir)/po $< $@'
INTLTOOL__v_MERGE_0='@echo "  ITMRG " $@;'
INTLTOOL__v_MERGE_='$(INTLTOOL__v_MERGE_$(AM_DEFAULT_VERBOSITY))'
INTL_MACOSX_LIBS=''
LD='/usr/bin/ld -m elf_x86_64'
LDFLAGS=''
LEX='flex'
LEXLIB=''
LEX_OUTPUT_ROOT='lex.yy'
LIBM='-lm'
LIBOBJS=''
LIBS='-lquadmath '
LIBTOOL='$(SHELL) $(top_builddir)/libtool'
LIPO=''
LN_S='ln -s'
LTLIBOBJS=''
LT_SYS_LIBRARY_PATH=''
MAINT='#'
MAINTAINER_MODE_FALSE=''
MAINTAINER_MODE_TRUE='#'
MAKEINFO='${SHELL} '\''/home/liveuser/galculator/missing'\'' makeinfo'
MANIFEST_TOOL=':'
MKDIR_P='/usr/bin/mkdir -p'
MKINSTALLDIRS='.//mkinstalldirs'
MSGFMT='/usr/bin/msgfmt'
MSGFMT_OPTS='-c'
MSGMERGE='/usr/bin/msgmerge'
NM='/usr/bin/nm -B'
NMEDIT=''
OBJDUMP='objdump'
OBJEXT='o'
OTOOL64=''
OTOOL=''
PACKAGE='galculator'
PACKAGE_BUGREPORT=''
PACKAGE_NAME='galculator'
PACKAGE_STRING='galculator 2.1.5devel'
PACKAGE_TARNAME='galculator'
PACKAGE_URL=''
PACKAGE_VERSION='2.1.5devel'
PATH_SEPARATOR=':'
PKG_CONFIG='/usr/bin/pkg-config'
PKG_CONFIG_LIBDIR=''
PKG_CONFIG_PATH=''
POFILES=' am.po ar.po be.po bg.po cs.po da.po de.po el.po en_AU.po en_GB.po es_MX.po es.po et.po eu.po fi.po fr.po gl.po hr.po hu.po id.po it.po ja.po kk.po ko.po lt.po mr.po ms.po nl.po pl.po pt_BR.po pt.po ro.po ru.po sk.po sl.po sq.po sr.po sv.po tr.po uk.po zh_CN.po zh_TW.po'
POSUB='po'
PO_IN_DATADIR_FALSE=''
PO_IN_DATADIR_TRUE=''
RANLIB='ranlib'
SED='/usr/bin/sed'
SET_MAKE=''
SHELL='/bin/sh'
STRIP='strip'
USE_NLS='yes'
VERSION='2.1.5devel'
XGETTEXT='/usr/bin/xgettext'
ac_ct_AR='ar'
ac_ct_CC='gcc'
ac_ct_DUMPBIN=''
am__EXEEXT_FALSE=''
am__EXEEXT_TRUE='#'
am__fastdepCC_FALSE='#'
am__fastdepCC_TRUE=''
am__include='include'
am__isrc=''
am__leading_dot='.'
am__nodep='_no'
am__quote=''
am__rm_f_notfound=''
am__tar='tar --format=ustar -chf - "$$tardir"'
am__untar='tar -xf -'
am__xargs_n='xargs -n'
bindir='${exec_prefix}/bin'
build='x86_64-pc-linux-gnu'
build_alias=''
build_cpu='x86_64'
build_os='linux-gnu'
build_vendor='pc'
datadir='${datarootdir}'
datarootdir='${prefix}/share'
docdir='${datarootdir}/doc/${PACKAGE_TARNAME}'
dvidir='${docdir}'
exec_prefix='${prefix}'
host='x86_64-pc-linux-gnu'
host_alias=''
host_cpu='x86_64'
host_os='linux-gnu'
host_vendor='pc'
htmldir='${docdir}'
includedir='${prefix}/include'
infodir='${datarootdir}/info'
install_sh='${SHELL} /home/liveuser/galculator/install-sh'
intltool__v_merge_options_0='-q'
intltool__v_merge_options_='$(intltool__v_merge_options_$(AM_DEFAULT_VERBOSITY))'
libdir='${exec_prefix}/lib'
libexecdir='${exec_prefix}/libexec'
localedir='${datarootdir}/locale'
localstatedir='${prefix}/var'
mandir='${datarootdir}/man'
mkdir_p='$(MKDIR_P)'
oldincludedir='/usr/include'
pdfdir='${docdir}'
prefix='/usr/local'
program_transform_name='s,x,x,'
psdir='${docdir}'
runstatedir='${localstatedir}/run'
sbindir='${exec_prefix}/sbin'
sharedstatedir='${prefix}/com'
sysconfdir='${prefix}/etc'
target_alias=''

## ----------- ##
## confdefs.h. ##
## ----------- ##

/* confdefs.h */
#define PACKAGE_NAME "galculator"
#define PACKAGE_TARNAME "galculator"
#define PACKAGE_VERSION "2.1.5devel"
#define PACKAGE_STRING "galculator 2.1.5devel"
#define PACKAGE_BUGREPORT ""
#define PACKAGE_URL ""
#define PACKAGE "galculator"
#define VERSION "2.1.5devel"
#define HAVE_STDIO_H 1
#define HAVE_STDLIB_H 1
#define HAVE_STRING_H 1
#define HAVE_INTTYPES_H 1
#define HAVE_STDINT_H 1
#define HAVE_STRINGS_H 1
#define HAVE_SYS_STAT_H 1
#define HAVE_SYS_TYPES_H 1
#define HAVE_UNISTD_H 1
#define STDC_HEADERS 1
#define HAVE_LIBQUADMATH 1
#define YYTEXT_POINTER 1
#define GETTEXT_PACKAGE "galculator"
#define HAVE_DLFCN_H 1
#define LT_OBJDIR ".libs/"
#define HAVE_LOCALE_H 1
#define HAVE_LC_MESSAGES 1
#define HAVE_BIND_TEXTDOMAIN_CODESET 1
#define HAVE_GETTEXT 1
#define HAVE_DCGETTEXT 1
#define ENABLE_NLS 1

configure: exit 0
